	=-----------------------------------------------------------------------------=
	|                  COMPILERS - ALGONQUIN COLLEGE (W24)                        |
	=-----------------------------------------------------------------------------=
	           _____                   _______                   _____            |
	|         /\    \                 /::\    \                 /\    \           |
	|        /::\    \               /::::\    \               /::\    \          |
	|        \:::\    \             /::::::\    \             /::::\    \         |
	|         \:::\    \           /::::::::\    \           /::::::\    \        |
	|          \:::\    \         /:::/~~\:::\    \         /:::/\:::\    \       |
	|           \:::\    \       /:::/    \:::\    \       /:::/__\:::\    \      |
	|           /::::\    \     /:::/    / \:::\    \     /::::\   \:::\    \     |
	|  _____   /::::::\    \   /:::/____/   \:::\____\   /::::::\   \:::\    \    |
	| /\    \ /:::/\:::\    \ |:::|    |     |:::|    | /:::/\:::\   \:::\    \   |
	|/::\    /:::/  \:::\____\|:::|____|     |:::|    |/:::/__\:::\   \:::\____\  |
	|\:::\  /:::/    \::/    / \:::\    \   /:::/    / \:::\   \:::\   \::/    /  |
	| \:::\/:::/    / \/____/   \:::\    \ /:::/    /   \:::\   \:::\   \/____/   |
	|  \::::::/    /             \:::\    /:::/    /     \:::\   \:::\    \       |
	|   \::::/    /               \:::\__/:::/    /       \:::\   \:::\____\      |
	|    \::/    /                 \::::::::/    /         \:::\   \::/    /      |
	|     \/____/                   \::::::/    /           \:::\   \/____/       |
	|                                \::::/    /             \:::\    \           |
	|                                 \::/____/               \:::\____\          |
	|                                  ~~                      \::/    /          |
	|                                                           \/____/           |
	=-----------------------------------------------------------------------------=

[Option 'r': Starting READER .....]

Reading file INPUT0_Empty.sof ....Please wait

Printing buffer parameters:

The capacity of the buffer is:  2500
The current size of the buffer is:  0
The operational mode of the buffer is: f
The increment factor of the buffer is:  10
The first symbol in the buffer is:   
The value of the flags field is: 00
Reader statistics : 
Number of errors: 0

Printing buffer contents:

Empty buffer
